{"numFailedTestSuites":0,"numFailedTests":0,"numPassedTestSuites":5,"numPassedTests":11,"numPendingTestSuites":0,"numPendingTests":0,"numRuntimeErrorTestSuites":0,"numTodoTests":0,"numTotalTestSuites":5,"numTotalTests":11,"openHandles":[],"snapshot":{"added":0,"didUpdate":false,"failure":false,"filesAdded":0,"filesRemoved":0,"filesRemovedList":[],"filesUnmatched":0,"filesUpdated":0,"matched":0,"total":0,"unchecked":0,"uncheckedKeysByFile":[],"unmatched":0,"updated":0},"startTime":1753688651238,"success":true,"testResults":[{"assertionResults":[{"ancestorTitles":["AttendanceControl"],"failureMessages":[],"fullName":"AttendanceControl renders employee dropdown and current datetime","location":null,"status":"passed","title":"renders employee dropdown and current datetime"},{"ancestorTitles":["AttendanceControl"],"failureMessages":[],"fullName":"AttendanceControl can check-in and display success","location":null,"status":"passed","title":"can check-in and display success"},{"ancestorTitles":["AttendanceControl"],"failureMessages":[],"fullName":"AttendanceControl can check-out and handle error","location":null,"status":"passed","title":"can check-out and handle error"}],"endTime":1753688653895,"message":"","name":"/home/coder/project/workspace/question_generation_service/solutions/c263849a-7062-412a-833e-9763d8283da4/reactapp/src/components/AttendanceControl.test.js","startTime":1753688652191,"status":"passed","summary":""},{"assertionResults":[{"ancestorTitles":["EmployeeList"],"failureMessages":[],"fullName":"EmployeeList renderEmployeeListComponent","location":null,"status":"passed","title":"renderEmployeeListComponent"},{"ancestorTitles":["EmployeeList"],"failureMessages":[],"fullName":"EmployeeList filters by department","location":null,"status":"passed","title":"filters by department"}],"endTime":1753688653917,"message":"","name":"/home/coder/project/workspace/question_generation_service/solutions/c263849a-7062-412a-833e-9763d8283da4/reactapp/src/components/EmployeeList.test.js","startTime":1753688652100,"status":"passed","summary":""},{"assertionResults":[{"ancestorTitles":["AttendanceReport"],"failureMessages":[],"fullName":"AttendanceReport testAttendanceReportDisplay","location":null,"status":"passed","title":"testAttendanceReportDisplay"}],"endTime":1753688653931,"message":"","name":"/home/coder/project/workspace/question_generation_service/solutions/c263849a-7062-412a-833e-9763d8283da4/reactapp/src/components/AttendanceReport.test.js","startTime":1753688652034,"status":"passed","summary":""},{"assertionResults":[{"ancestorTitles":["EmployeeForm"],"failureMessages":[],"fullName":"EmployeeForm shows validation errors on empty submit","location":null,"status":"passed","title":"shows validation errors on empty submit"},{"ancestorTitles":["EmployeeForm"],"failureMessages":[],"fullName":"EmployeeForm shows server error on failed creation","location":null,"status":"passed","title":"shows server error on failed creation"},{"ancestorTitles":["EmployeeForm"],"failureMessages":[],"fullName":"EmployeeForm submits valid employee","location":null,"status":"passed","title":"submits valid employee"}],"endTime":1753688653983,"message":"","name":"/home/coder/project/workspace/question_generation_service/solutions/c263849a-7062-412a-833e-9763d8283da4/reactapp/src/components/EmployeeForm.test.js","startTime":1753688652148,"status":"passed","summary":""},{"assertionResults":[{"ancestorTitles":["EmployeeDetails"],"failureMessages":[],"fullName":"EmployeeDetails renders employee details","location":null,"status":"passed","title":"renders employee details"},{"ancestorTitles":["EmployeeDetails"],"failureMessages":[],"fullName":"EmployeeDetails shows error when employee not found","location":null,"status":"passed","title":"shows error when employee not found"}],"endTime":1753688653983,"message":"","name":"/home/coder/project/workspace/question_generation_service/solutions/c263849a-7062-412a-833e-9763d8283da4/reactapp/src/components/EmployeeDetails.test.js","startTime":1753688652175,"status":"passed","summary":""}],"wasInterrupted":false}